<?xml version="1.0" encoding="UTF-8"?>
<coverage generated="1577479472648" clover="3.2.0">
  <project timestamp="1577479472648" name="All files">
    <metrics statements="12" coveredstatements="12" conditionals="4" coveredconditionals="4" methods="1" coveredmethods="1" elements="17" coveredelements="17" complexity="0" loc="12" ncloc="12" packages="1" files="1" classes="1"/>
    <file name="beauty.js" path="/Users/skillclub/projects/lskjs/packages/utils/src/beauty.js">
      <metrics statements="12" coveredstatements="12" conditionals="4" coveredconditionals="4" methods="1" coveredmethods="1"/>
      <line num="3" count="1" type="stmt"/>
      <line num="12" count="29" type="stmt"/>
      <line num="13" count="29" type="stmt"/>
      <line num="15" count="29" type="stmt"/>
      <line num="16" count="18" type="stmt"/>
      <line num="17" count="18" type="stmt"/>
      <line num="20" count="29" type="stmt"/>
      <line num="22" count="29" type="stmt"/>
      <line num="23" count="29" type="cond" truecount="2" falsecount="0"/>
      <line num="24" count="29" type="cond" truecount="2" falsecount="0"/>
      <line num="26" count="29" type="stmt"/>
      <line num="27" count="29" type="stmt"/>
    </file>
  </project>
</coverage>
