{"/Users/skillclub/projects/lskjs/packages/utils/src/beauty.js": {"path":"/Users/skillclub/projects/lskjs/packages/utils/src/beauty.js","statementMap":{"0":{"start":{"line":3,"column":15},"end":{"line":9,"column":1}},"1":{"start":{"line":12,"column":14},"end":{"line":12,"column":15}},"2":{"start":{"line":13,"column":13},"end":{"line":13,"column":20}},"3":{"start":{"line":15,"column":2},"end":{"line":18,"column":3}},"4":{"start":{"line":16,"column":4},"end":{"line":16,"column":35}},"5":{"start":{"line":17,"column":4},"end":{"line":17,"column":15}},"6":{"start":{"line":20,"column":14},"end":{"line":20,"column":39}},"7":{"start":{"line":22,"column":18},"end":{"line":22,"column":19}},"8":{"start":{"line":23,"column":2},"end":{"line":23,"column":31}},"9":{"start":{"line":23,"column":17},"end":{"line":23,"column":31}},"10":{"start":{"line":24,"column":2},"end":{"line":24,"column":33}},"11":{"start":{"line":24,"column":19},"end":{"line":24,"column":33}},"12":{"start":{"line":26,"column":17},"end":{"line":26,"column":30}},"13":{"start":{"line":27,"column":2},"end":{"line":27,"column":48}}},"fnMap":{"0":{"name":"(anonymous_0)","decl":{"start":{"line":11,"column":15},"end":{"line":11,"column":16}},"loc":{"start":{"line":11,"column":28},"end":{"line":28,"column":1}},"line":11}},"branchMap":{"0":{"loc":{"start":{"line":23,"column":2},"end":{"line":23,"column":31}},"type":"if","locations":[{"start":{"line":23,"column":2},"end":{"line":23,"column":31}},{"start":{"line":23,"column":2},"end":{"line":23,"column":31}}],"line":23},"1":{"loc":{"start":{"line":24,"column":2},"end":{"line":24,"column":33}},"type":"if","locations":[{"start":{"line":24,"column":2},"end":{"line":24,"column":33}},{"start":{"line":24,"column":2},"end":{"line":24,"column":33}}],"line":24}},"s":{"0":1,"1":29,"2":29,"3":29,"4":18,"5":18,"6":29,"7":29,"8":29,"9":18,"10":29,"11":5,"12":29,"13":29},"f":{"0":29},"b":{"0":[18,11],"1":[5,24]},"_coverageSchema":"43e27e138ebf9cfc5966b082cf9a028302ed4184","hash":"3b2fd5b828e62d9c7416d1bd0a9e568b5f5a6d61"}
}
